<?xml version="1.0" encoding="UTF-8"?>
<testng-results ignored="0" total="1" passed="1" failed="0" skipped="0">
  <reporter-output>
  </reporter-output>
  <suite started-at="2024-04-10T14:24:21 IST" name="Default suite" finished-at="2024-04-10T14:24:32 IST" duration-ms="10557">
    <groups>
      <group name="cucumber">
        <method signature="AbstractTestNGCucumberTests.runScenario(io.cucumber.testng.PickleWrapper,io.cucumber.testng.FeatureWrapper)[pri:0, instance:runnerClass.RunnerIO@34123d65]" name="runScenario" class="io.cucumber.testng.AbstractTestNGCucumberTests"/>
      </group> <!-- cucumber -->
    </groups>
    <test started-at="2024-04-10T14:24:21 IST" name="Default test" finished-at="2024-04-10T14:24:32 IST" duration-ms="10557">
      <class name="runnerClass.RunnerIO">
        <test-method is-config="true" signature="setUpClass(org.testng.ITestContext)[pri:0, instance:runnerClass.RunnerIO@34123d65]" started-at="2024-04-10T14:24:21 IST" name="setUpClass" finished-at="2024-04-10T14:24:22 IST" duration-ms="178" status="PASS">
          <params>
            <param index="0">
              <value>
                <![CDATA[org.testng.TestRunner@46d567cb]]>
              </value>
            </param>
          </params>
          <reporter-output>
          </reporter-output>
        </test-method> <!-- setUpClass -->
        <test-method signature="runScenario(io.cucumber.testng.PickleWrapper,io.cucumber.testng.FeatureWrapper)[pri:0, instance:runnerClass.RunnerIO@34123d65]" started-at="2024-04-10T14:24:22 IST" name="runScenario" description="Runs Cucumber Scenarios" data-provider="scenarios" finished-at="2024-04-10T14:24:32 IST" duration-ms="10342" status="PASS">
          <params>
            <param index="0">
              <value>
                <![CDATA["Verify Scroll Up using 'Arrow' button and Scroll Down functionality"]]>
              </value>
            </param>
            <param index="1">
              <value>
                <![CDATA["Exercise one"]]>
              </value>
            </param>
          </params>
          <reporter-output>
          </reporter-output>
        </test-method> <!-- runScenario -->
        <test-method is-config="true" signature="tearDownClass()[pri:0, instance:runnerClass.RunnerIO@34123d65]" started-at="2024-04-10T14:24:32 IST" name="tearDownClass" finished-at="2024-04-10T14:24:32 IST" duration-ms="1" status="PASS">
          <reporter-output>
          </reporter-output>
        </test-method> <!-- tearDownClass -->
      </class> <!-- runnerClass.RunnerIO -->
    </test> <!-- Default test -->
  </suite> <!-- Default suite -->
</testng-results>
